app/build/intermediates/manifest_merge_blame_file/debug/manifest-merger-blame-debug-report.txt
1<?xml version="1.0" encoding="utf-8"?>
2<manifest xmlns:android="http://schemas.android.com/apk/res/android"
3    package="com.example.myapplication"
4    android:versionCode="1"
5    android:versionName="1.0" >
6
7    <uses-sdk
8        android:minSdkVersion="16"
8-->src\main\AndroidManifest.xml
9        android:targetSdkVersion="30" />
9-->src\main\AndroidManifest.xml
10
11    <application
11-->src\main\AndroidManifest.xml:5:5-33:19
12        android:allowBackup="true"
12-->src\main\AndroidManifest.xml:6:9-35
13        android:appComponentFactory="androidx.core.app.CoreComponentFactory"
13-->[androidx.core:core:1.3.1] AndroidManifest.xml:24:18-86
14        android:debuggable="true"
15        android:icon="@mipmap/ic_launcher"
15-->src\main\AndroidManifest.xml:7:9-43
16        android:label="@string/app_name"
16-->src\main\AndroidManifest.xml:8:9-41
17        android:roundIcon="@mipmap/ic_launcher_round"
17-->src\main\AndroidManifest.xml:9:9-54
18        android:supportsRtl="true"
18-->src\main\AndroidManifest.xml:10:9-35
19        android:testOnly="true"
20        android:theme="@style/AppTheme" >
20-->src\main\AndroidManifest.xml:11:9-40
21        <activity
21-->src\main\AndroidManifest.xml:12:9-13:67
22            android:name="com.example.myapplication.ListActivity"
22-->src\main\AndroidManifest.xml:12:19-47
23            android:parentActivityName="com.example.myapplication.MainActivity" />
23-->src\main\AndroidManifest.xml:13:13-55
24        <activity
24-->src\main\AndroidManifest.xml:14:9-15:58
25            android:name="com.example.myapplication.ActivityTimer"
25-->src\main\AndroidManifest.xml:14:19-48
26            android:parentActivityName="com.example.myapplication.MainActivity" />
26-->src\main\AndroidManifest.xml:15:13-55
27        <activity
27-->src\main\AndroidManifest.xml:16:9-25:20
28            android:name="com.example.myapplication.ActivitywithIntent"
28-->src\main\AndroidManifest.xml:16:19-53
29            android:parentActivityName="com.example.myapplication.MainActivity" >
29-->src\main\AndroidManifest.xml:17:13-55
30            <intent-filter>
30-->src\main\AndroidManifest.xml:18:13-24:29
31                <action android:name="android.intent.action.SEND" />
31-->src\main\AndroidManifest.xml:19:17-69
31-->src\main\AndroidManifest.xml:19:25-66
32
33                <category android:name="android.intent.category.DEFAULT" />
33-->src\main\AndroidManifest.xml:21:17-76
33-->src\main\AndroidManifest.xml:21:27-73
34
35                <data android:mimeType="text/plain" />
35-->src\main\AndroidManifest.xml:23:17-55
35-->src\main\AndroidManifest.xml:23:23-52
36            </intent-filter>
37        </activity>
38        <activity android:name="com.example.myapplication.MainActivity" >
38-->src\main\AndroidManifest.xml:26:9-32:20
38-->src\main\AndroidManifest.xml:26:19-47
39            <intent-filter>
39-->src\main\AndroidManifest.xml:27:13-31:29
40                <action android:name="android.intent.action.MAIN" />
40-->src\main\AndroidManifest.xml:28:17-69
40-->src\main\AndroidManifest.xml:28:25-66
41
42                <category android:name="android.intent.category.LAUNCHER" />
42-->src\main\AndroidManifest.xml:30:17-77
42-->src\main\AndroidManifest.xml:30:27-74
43            </intent-filter>
44        </activity>
45    </application>
46
47</manifest>